2025-08-07 07:51:15,259 INFO: HomeGrubHub startup [in G:\Dev\HomeGrubHub\recipe_app\db.py:221]
2025-08-07 09:26:32,971 INFO: HomeGrubHub startup [in G:\Dev\HomeGrubHub\recipe_app\db.py:223]
2025-08-07 09:27:13,109 INFO: HomeGrubHub startup [in G:\Dev\HomeGrubHub\recipe_app\db.py:223]
2025-08-07 09:41:27,636 INFO: HomeGrubHub startup [in G:\Dev\HomeGrubHub\recipe_app\db.py:223]
2025-08-07 10:11:21,282 INFO: HomeGrubHub startup [in G:\Dev\HomeGrubHub\recipe_app\db.py:223]
2025-08-07 10:35:36,521 INFO: HomeGrubHub startup [in G:\Dev\HomeGrubHub\recipe_app\db.py:223]
2025-08-07 11:27:34,363 INFO: HomeGrubHub startup [in G:\Dev\HomeGrubHub\recipe_app\db.py:223]
2025-08-08 11:29:22,560 INFO: HomeGrubHub startup [in G:\Dev\HomeGrubHub\recipe_app\db.py:226]
2025-08-08 11:32:54,645 INFO: HomeGrubHub startup [in G:\Dev\HomeGrubHub\recipe_app\db.py:226]
2025-08-08 11:34:14,949 INFO: HomeGrubHub startup [in G:\Dev\HomeGrubHub\recipe_app\db.py:226]
2025-08-08 14:48:54,537 WARNING: Could not retrieve price details: Request req_CMY2CcI4Y2X6qU: No such price: 'price_pro_placeholder' [in G:\Dev\HomeGrubHub\recipe_app\main\billing.py:107]
2025-08-08 14:48:55,276 ERROR: Stripe error creating checkout session: Request req_dgLMSjTROFIOkT: No such price: 'price_pro_placeholder' [in G:\Dev\HomeGrubHub\recipe_app\main\billing.py:159]
2025-08-08 14:48:56,414 WARNING: Could not retrieve price details: Request req_9oIky3ldZbQjbs: No such price: 'price_pro_placeholder' [in G:\Dev\HomeGrubHub\recipe_app\main\billing.py:107]
2025-08-08 14:48:56,647 ERROR: Stripe error creating checkout session: Request req_Lk55Vneeu3EZy5: No such price: 'price_pro_placeholder' [in G:\Dev\HomeGrubHub\recipe_app\main\billing.py:159]
2025-08-08 14:49:04,575 WARNING: Could not retrieve price details: Request req_qxZAq67z4qxJ9L: No such price: 'price_family_placeholder' [in G:\Dev\HomeGrubHub\recipe_app\main\billing.py:107]
2025-08-08 14:49:04,801 ERROR: Stripe error creating checkout session: Request req_4FMHr44xNxHSdX: No such price: 'price_family_placeholder' [in G:\Dev\HomeGrubHub\recipe_app\main\billing.py:159]
2025-08-08 14:49:06,283 WARNING: Could not retrieve price details: Request req_3j4WyOsfGMk9P7: No such price: 'price_family_placeholder' [in G:\Dev\HomeGrubHub\recipe_app\main\billing.py:107]
2025-08-08 14:49:06,512 ERROR: Stripe error creating checkout session: Request req_bO4cy3STdRPuLQ: No such price: 'price_family_placeholder' [in G:\Dev\HomeGrubHub\recipe_app\main\billing.py:159]
2025-08-08 14:58:09,214 INFO: HomeGrubHub startup [in G:\Dev\HomeGrubHub\recipe_app\db.py:226]
2025-08-08 17:27:24,553 WARNING: Could not retrieve price details: Request req_TEYys9oRJqnYOF: No such price: 'price_family_placeholder' [in G:\Dev\HomeGrubHub\recipe_app\main\billing.py:163]
2025-08-08 17:27:24,806 ERROR: Stripe error creating checkout session: Request req_ohpCcr2Gd7yCfX: No such price: 'price_family_placeholder' [in G:\Dev\HomeGrubHub\recipe_app\main\billing.py:215]
2025-08-08 17:27:26,054 WARNING: Could not retrieve price details: Request req_EPDDliVIIc8RJK: No such price: 'price_family_placeholder' [in G:\Dev\HomeGrubHub\recipe_app\main\billing.py:163]
2025-08-08 17:27:26,287 ERROR: Stripe error creating checkout session: Request req_fdv4tQgMWuATAn: No such price: 'price_family_placeholder' [in G:\Dev\HomeGrubHub\recipe_app\main\billing.py:215]
2025-08-09 17:01:32,464 INFO: HomeGrubHub startup [in G:\Dev\HomeGrubHub\recipe_app\db.py:226]
2025-08-09 17:02:57,922 INFO: HomeGrubHub startup [in G:\Dev\HomeGrubHub\recipe_app\db.py:226]
2025-08-09 17:04:53,927 INFO: HomeGrubHub startup [in G:\Dev\HomeGrubHub\recipe_app\db.py:226]
2025-08-11 08:19:13,833 INFO: HomeGrubHub startup [in G:\Dev\HomeGrubHub\recipe_app\db.py:239]
2025-08-11 12:37:51,790 INFO: HomeGrubHub startup [in G:\Dev\HomeGrubHub\recipe_app\db.py:239]
2025-08-11 14:00:01,692 INFO: HomeGrubHub startup [in G:\Dev\HomeGrubHub\recipe_app\db.py:239]
2025-08-11 14:47:38,252 INFO: HomeGrubHub startup [in G:\Dev\HomeGrubHub\recipe_app\db.py:239]
2025-08-12 08:34:00,138 INFO: HomeGrubHub startup [in G:\Dev\HomeGrubHub\recipe_app\db.py:239]
2025-08-12 17:22:41,413 INFO: HomeGrubHub startup [in G:\Dev\HomeGrubHub\recipe_app\db.py:242]
2025-08-12 18:23:17,920 INFO: HomeGrubHub startup [in G:\Dev\HomeGrubHub\recipe_app\db.py:242]
2025-08-12 19:15:00,968 INFO: HomeGrubHub startup [in G:\Dev\HomeGrubHub\recipe_app\db.py:242]
2025-08-12 19:23:23,403 INFO: HomeGrubHub startup [in G:\Dev\HomeGrubHub\recipe_app\db.py:242]
2025-08-12 19:45:12,477 INFO: HomeGrubHub startup [in G:\Dev\HomeGrubHub\recipe_app\db.py:242]
2025-08-12 19:45:12,479 INFO: HomeGrubHub production startup [in G:\Dev\HomeGrubHub\wsgi.py:42]
2025-08-12 19:52:45,379 INFO: HomeGrubHub startup [in G:\Dev\HomeGrubHub\recipe_app\db.py:242]
2025-08-12 19:58:08,341 INFO: HomeGrubHub startup [in G:\Dev\HomeGrubHub\recipe_app\db.py:242]
2025-08-12 20:13:10,888 INFO: HomeGrubHub startup [in G:\Dev\HomeGrubHub\recipe_app\db.py:242]
2025-08-12 20:14:16,111 INFO: HomeGrubHub startup [in G:\Dev\HomeGrubHub\recipe_app\db.py:242]
2025-08-12 20:15:21,860 INFO: HomeGrubHub startup [in G:\Dev\HomeGrubHub\recipe_app\db.py:242]
2025-08-12 20:16:01,332 INFO: HomeGrubHub startup [in G:\Dev\HomeGrubHub\recipe_app\db.py:242]
2025-08-12 20:17:05,379 INFO: HomeGrubHub startup [in G:\Dev\HomeGrubHub\recipe_app\db.py:242]
2025-08-12 20:17:49,525 INFO: HomeGrubHub startup [in G:\Dev\HomeGrubHub\recipe_app\db.py:242]
2025-08-12 20:19:01,782 INFO: HomeGrubHub startup [in G:\Dev\HomeGrubHub\recipe_app\db.py:242]
2025-08-12 20:19:43,656 INFO: HomeGrubHub startup [in G:\Dev\HomeGrubHub\recipe_app\db.py:242]
2025-08-12 20:23:05,043 INFO: HomeGrubHub startup [in G:\Dev\HomeGrubHub\recipe_app\db.py:242]
2025-08-12 20:29:29,452 INFO: HomeGrubHub startup [in G:\Dev\HomeGrubHub\recipe_app\db.py:242]
2025-08-12 20:30:08,607 INFO: HomeGrubHub startup [in G:\Dev\HomeGrubHub\recipe_app\db.py:242]
2025-08-12 20:41:24,702 INFO: HomeGrubHub startup [in G:\Dev\HomeGrubHub\recipe_app\db.py:242]
2025-08-12 22:38:32,634 INFO: HomeGrubHub startup [in G:\Dev\HomeGrubHub\recipe_app\db.py:242]
2025-08-13 06:27:39,361 INFO: HomeGrubHub startup [in G:\Dev\HomeGrubHub\recipe_app\db.py:242]
2025-08-13 07:33:43,644 INFO: HomeGrubHub startup [in G:\Dev\HomeGrubHub\recipe_app\db.py:242]
2025-08-13 18:22:16,490 INFO: HomeGrubHub startup [in G:\Dev\HomeGrubHub\recipe_app\db.py:245]
2025-08-13 19:06:00,247 INFO: HomeGrubHub startup [in G:\Dev\HomeGrubHub\recipe_app\db.py:245]
2025-08-13 19:49:38,321 INFO: HomeGrubHub startup [in G:\Dev\HomeGrubHub\recipe_app\db.py:245]
2025-08-13 21:18:31,402 INFO: HomeGrubHub startup [in G:\Dev\HomeGrubHub\recipe_app\db.py:245]
2025-08-13 21:24:57,161 INFO: HomeGrubHub startup [in G:\Dev\HomeGrubHub\recipe_app\db.py:245]
2025-08-13 21:32:08,516 INFO: HomeGrubHub startup [in G:\Dev\HomeGrubHub\recipe_app\db.py:245]
2025-08-13 21:33:16,388 INFO: HomeGrubHub startup [in G:\Dev\HomeGrubHub\recipe_app\db.py:245]
2025-08-13 21:34:07,778 INFO: HomeGrubHub startup [in G:\Dev\HomeGrubHub\recipe_app\db.py:245]
2025-08-13 21:42:33,001 INFO: HomeGrubHub startup [in G:\Dev\HomeGrubHub\recipe_app\db.py:245]
2025-08-13 21:44:18,089 INFO: HomeGrubHub startup [in G:\Dev\HomeGrubHub\recipe_app\db.py:245]
2025-08-13 22:11:23,149 INFO: HomeGrubHub startup [in G:\Dev\HomeGrubHub\recipe_app\db.py:245]
2025-08-13 22:16:30,472 INFO: HomeGrubHub startup [in G:\Dev\HomeGrubHub\recipe_app\db.py:245]
2025-08-13 22:25:15,627 INFO: HomeGrubHub startup [in G:\Dev\HomeGrubHub\recipe_app\db.py:245]
2025-08-14 10:33:37,465 INFO: HomeGrubHub startup [in G:\Dev\HomeGrubHub\recipe_app\db.py:253]
2025-08-14 10:33:40,742 INFO: HomeGrubHub startup [in G:\Dev\HomeGrubHub\recipe_app\db.py:253]
2025-08-14 10:33:40,742 INFO: HomeGrubHub startup [in G:\Dev\HomeGrubHub\recipe_app\db.py:253]
2025-08-14 10:35:49,320 INFO: HomeGrubHub startup [in G:\Dev\HomeGrubHub\recipe_app\db.py:253]
2025-08-14 10:35:52,367 INFO: HomeGrubHub startup [in G:\Dev\HomeGrubHub\recipe_app\db.py:253]
2025-08-14 10:35:52,367 INFO: HomeGrubHub startup [in G:\Dev\HomeGrubHub\recipe_app\db.py:253]
2025-08-14 10:47:22,678 INFO: HomeGrubHub startup [in G:\Dev\HomeGrubHub\recipe_app\db.py:253]
2025-08-14 10:47:26,504 INFO: HomeGrubHub startup [in G:\Dev\HomeGrubHub\recipe_app\db.py:253]
2025-08-14 10:47:26,504 INFO: HomeGrubHub startup [in G:\Dev\HomeGrubHub\recipe_app\db.py:253]
2025-08-14 10:53:09,483 INFO: HomeGrubHub startup [in G:\Dev\HomeGrubHub\recipe_app\db.py:253]
2025-08-14 10:53:13,055 INFO: HomeGrubHub startup [in G:\Dev\HomeGrubHub\recipe_app\db.py:253]
2025-08-14 10:53:13,055 INFO: HomeGrubHub startup [in G:\Dev\HomeGrubHub\recipe_app\db.py:253]
2025-08-14 11:22:56,095 INFO: HomeGrubHub startup [in G:\Dev\HomeGrubHub\recipe_app\db.py:253]
2025-08-14 11:23:00,388 INFO: HomeGrubHub startup [in G:\Dev\HomeGrubHub\recipe_app\db.py:253]
2025-08-14 11:23:00,388 INFO: HomeGrubHub startup [in G:\Dev\HomeGrubHub\recipe_app\db.py:253]
2025-08-14 11:24:07,624 INFO: HomeGrubHub startup [in G:\Dev\HomeGrubHub\recipe_app\db.py:253]
2025-08-14 11:24:11,876 INFO: HomeGrubHub startup [in G:\Dev\HomeGrubHub\recipe_app\db.py:253]
2025-08-14 11:24:11,876 INFO: HomeGrubHub startup [in G:\Dev\HomeGrubHub\recipe_app\db.py:253]
2025-08-14 11:33:22,338 INFO: HomeGrubHub startup [in G:\Dev\HomeGrubHub\recipe_app\db.py:253]
2025-08-14 11:33:27,608 INFO: HomeGrubHub startup [in G:\Dev\HomeGrubHub\recipe_app\db.py:253]
2025-08-14 11:33:27,608 INFO: HomeGrubHub startup [in G:\Dev\HomeGrubHub\recipe_app\db.py:253]
2025-08-14 14:40:23,897 INFO: HomeGrubHub startup [in G:\Dev\HomeGrubHub\recipe_app\db.py:259]
2025-08-14 14:40:27,239 INFO: HomeGrubHub startup [in G:\Dev\HomeGrubHub\recipe_app\db.py:259]
2025-08-14 14:40:27,239 INFO: HomeGrubHub startup [in G:\Dev\HomeGrubHub\recipe_app\db.py:259]
2025-08-14 15:04:20,179 INFO: HomeGrubHub startup [in G:\Dev\HomeGrubHub\recipe_app\db.py:259]
2025-08-14 15:04:23,233 INFO: HomeGrubHub startup [in G:\Dev\HomeGrubHub\recipe_app\db.py:259]
2025-08-14 15:04:23,233 INFO: HomeGrubHub startup [in G:\Dev\HomeGrubHub\recipe_app\db.py:259]
2025-08-14 15:05:33,820 INFO: HomeGrubHub startup [in G:\Dev\HomeGrubHub\recipe_app\db.py:259]
2025-08-14 15:05:37,114 INFO: HomeGrubHub startup [in G:\Dev\HomeGrubHub\recipe_app\db.py:259]
2025-08-14 15:05:37,114 INFO: HomeGrubHub startup [in G:\Dev\HomeGrubHub\recipe_app\db.py:259]
2025-08-14 15:07:16,063 INFO: HomeGrubHub startup [in G:\Dev\HomeGrubHub\recipe_app\db.py:259]
2025-08-14 15:07:21,741 INFO: HomeGrubHub startup [in G:\Dev\HomeGrubHub\recipe_app\db.py:259]
2025-08-14 15:07:21,741 INFO: HomeGrubHub startup [in G:\Dev\HomeGrubHub\recipe_app\db.py:259]
2025-08-14 15:14:52,391 INFO: HomeGrubHub startup [in G:\Dev\HomeGrubHub\recipe_app\db.py:259]
2025-08-14 15:47:48,770 INFO: HomeGrubHub startup [in G:\Dev\HomeGrubHub\recipe_app\db.py:261]
2025-08-14 15:57:40,565 INFO: HomeGrubHub startup [in G:\Dev\HomeGrubHub\recipe_app\db.py:261]
2025-08-14 16:07:50,447 INFO: HomeGrubHub startup [in G:\Dev\HomeGrubHub\recipe_app\db.py:261]
2025-08-14 16:08:58,537 INFO: HomeGrubHub startup [in G:\Dev\HomeGrubHub\recipe_app\db.py:261]
2025-08-14 16:14:18,721 INFO: HomeGrubHub startup [in G:\Dev\HomeGrubHub\recipe_app\db.py:261]
2025-08-14 16:15:11,948 INFO: HomeGrubHub startup [in G:\Dev\HomeGrubHub\recipe_app\db.py:261]
2025-08-14 16:15:54,830 INFO: HomeGrubHub startup [in G:\Dev\HomeGrubHub\recipe_app\db.py:261]
2025-08-14 16:16:41,946 INFO: HomeGrubHub startup [in G:\Dev\HomeGrubHub\recipe_app\db.py:261]
2025-08-14 16:18:03,111 INFO: HomeGrubHub startup [in G:\Dev\HomeGrubHub\recipe_app\db.py:261]
2025-08-14 16:24:42,274 INFO: HomeGrubHub startup [in G:\Dev\HomeGrubHub\recipe_app\db.py:276]
2025-08-14 16:24:44,488 INFO: HomeGrubHub startup [in G:\Dev\HomeGrubHub\recipe_app\db.py:276]
2025-08-14 16:24:44,488 INFO: HomeGrubHub startup [in G:\Dev\HomeGrubHub\recipe_app\db.py:276]
2025-08-14 16:24:47,382 INFO: HomeGrubHub startup [in G:\Dev\HomeGrubHub\recipe_app\db.py:276]
2025-08-14 16:24:47,382 INFO: HomeGrubHub startup [in G:\Dev\HomeGrubHub\recipe_app\db.py:276]
2025-08-14 16:24:47,382 INFO: HomeGrubHub startup [in G:\Dev\HomeGrubHub\recipe_app\db.py:276]
2025-08-14 16:26:20,106 INFO: HomeGrubHub startup [in G:\Dev\HomeGrubHub\recipe_app\db.py:276]
2025-08-14 16:34:20,377 INFO: HomeGrubHub startup [in G:\Dev\HomeGrubHub\recipe_app\db.py:276]
2025-08-14 16:44:01,311 INFO: HomeGrubHub startup [in G:\Dev\HomeGrubHub\recipe_app\db.py:276]
2025-08-14 16:47:03,103 INFO: HomeGrubHub startup [in G:\Dev\HomeGrubHub\recipe_app\db.py:276]
2025-08-14 16:47:04,786 INFO: HomeGrubHub startup [in G:\Dev\HomeGrubHub\recipe_app\db.py:276]
2025-08-14 16:47:04,786 INFO: HomeGrubHub startup [in G:\Dev\HomeGrubHub\recipe_app\db.py:276]
2025-08-14 16:47:07,405 INFO: HomeGrubHub startup [in G:\Dev\HomeGrubHub\recipe_app\db.py:276]
2025-08-14 16:47:07,405 INFO: HomeGrubHub startup [in G:\Dev\HomeGrubHub\recipe_app\db.py:276]
2025-08-14 16:47:07,405 INFO: HomeGrubHub startup [in G:\Dev\HomeGrubHub\recipe_app\db.py:276]
2025-08-14 16:48:03,702 INFO: HomeGrubHub startup [in G:\Dev\HomeGrubHub\recipe_app\db.py:276]
2025-08-14 17:15:40,409 INFO: HomeGrubHub startup [in G:\Dev\HomeGrubHub\recipe_app\db.py:276]
2025-08-14 17:21:59,622 INFO: HomeGrubHub startup [in G:\Dev\HomeGrubHub\recipe_app\db.py:276]
2025-08-14 17:49:25,746 INFO: HomeGrubHub startup [in G:\Dev\HomeGrubHub\recipe_app\db.py:276]
2025-08-14 18:20:13,555 INFO: HomeGrubHub startup [in G:\Dev\HomeGrubHub\recipe_app\db.py:276]
2025-08-14 18:21:23,646 INFO: HomeGrubHub startup [in G:\Dev\HomeGrubHub\recipe_app\db.py:276]
2025-08-14 19:25:41,920 INFO: HomeGrubHub startup [in G:\Dev\HomeGrubHub\recipe_app\db.py:257]
2025-08-14 19:25:43,476 INFO: HomeGrubHub startup [in G:\Dev\HomeGrubHub\recipe_app\db.py:257]
2025-08-14 19:25:43,476 INFO: HomeGrubHub startup [in G:\Dev\HomeGrubHub\recipe_app\db.py:257]
2025-08-14 19:27:26,078 INFO: HomeGrubHub startup [in G:\Dev\HomeGrubHub\recipe_app\db.py:257]
2025-08-14 20:13:27,133 INFO: HomeGrubHub startup [in G:\Dev\HomeGrubHub\recipe_app\db.py:257]
2025-08-14 20:15:40,428 INFO: HomeGrubHub startup [in G:\Dev\HomeGrubHub\recipe_app\db.py:257]
2025-08-14 20:50:32,245 INFO: HomeGrubHub startup [in G:\Dev\HomeGrubHub\recipe_app\db.py:264]
2025-08-14 21:29:19,765 INFO: HomeGrubHub startup [in G:\Dev\HomeGrubHub\recipe_app\db.py:264]
2025-08-14 21:38:38,086 INFO: HomeGrubHub startup [in G:\Dev\HomeGrubHub\recipe_app\db.py:264]
2025-08-14 21:55:21,504 INFO: HomeGrubHub startup [in G:\Dev\HomeGrubHub\recipe_app\db.py:264]
2025-08-14 22:03:20,367 INFO: HomeGrubHub startup [in G:\Dev\HomeGrubHub\recipe_app\db.py:264]
2025-08-14 22:07:29,706 INFO: HomeGrubHub startup [in G:\Dev\HomeGrubHub\recipe_app\db.py:264]
2025-08-14 22:07:51,548 INFO: HomeGrubHub startup [in G:\Dev\HomeGrubHub\recipe_app\db.py:264]
2025-08-14 22:15:46,386 INFO: HomeGrubHub startup [in G:\Dev\HomeGrubHub\recipe_app\db.py:264]
2025-08-14 22:19:45,746 INFO: HomeGrubHub startup [in G:\Dev\HomeGrubHub\recipe_app\db.py:264]
2025-08-14 14:37:14,621 INFO: HomeGrubHub startup [in C:\inetpub\wwwroot\HomeGrubHub-Staging\recipe_app\db.py:264]
2025-08-14 14:37:14,623 INFO: HomeGrubHub production startup [in C:\inetpub\wwwroot\HomeGrubHub-Staging\wsgi.py:42]
2025-08-15 06:47:43,839 INFO: HomeGrubHub startup [in C:\inetpub\wwwroot\HomeGrubHub-Staging\recipe_app\db.py:264]
2025-08-15 06:47:44,099 INFO: HomeGrubHub production startup [in C:\inetpub\wwwroot\HomeGrubHub-Staging\wsgi.py:42]
2025-08-15 22:00:07,927 INFO: HomeGrubHub startup [in C:\inetpub\wwwroot\HomeGrubHub-Staging\recipe_app\db.py:264]
2025-08-15 22:00:08,145 INFO: HomeGrubHub production startup [in C:\inetpub\wwwroot\HomeGrubHub-Staging\wsgi.py:42]
2025-08-17 13:41:04,636 INFO: HomeGrubHub startup [in C:\inetpub\wwwroot\HomeGrubHub-Staging\recipe_app\db.py:264]
2025-08-17 13:41:04,648 INFO: HomeGrubHub production startup [in C:\inetpub\wwwroot\HomeGrubHub-Staging\wsgi.py:42]
2025-08-19 14:38:34,564 INFO: HomeGrubHub startup [in C:\inetpub\wwwroot\HomeGrubHub-Staging\recipe_app\db.py:264]
2025-08-19 14:38:34,794 INFO: HomeGrubHub production startup [in C:\inetpub\wwwroot\HomeGrubHub-Staging\wsgi.py:42]
2025-08-19 15:06:35,398 INFO: HomeGrubHub startup [in C:\inetpub\wwwroot\HomeGrubHub-Staging\recipe_app\db.py:264]
2025-08-19 15:06:35,404 INFO: HomeGrubHub production startup [in C:\inetpub\wwwroot\HomeGrubHub-Staging\wsgi.py:42]
2025-08-19 15:07:47,110 INFO: HomeGrubHub startup [in C:\inetpub\wwwroot\HomeGrubHub-Staging\recipe_app\db.py:264]
2025-08-19 15:07:47,113 INFO: HomeGrubHub production startup [in C:\inetpub\wwwroot\HomeGrubHub-Staging\wsgi.py:42]
2025-08-19 21:03:52,434 INFO: HomeGrubHub startup [in C:\inetpub\wwwroot\HomeGrubHub-Staging\recipe_app\db.py:264]
2025-08-19 21:03:52,438 INFO: HomeGrubHub production startup [in C:\inetpub\wwwroot\HomeGrubHub-Staging\wsgi.py:42]
2025-08-20 09:26:00,181 INFO: HomeGrubHub startup [in C:\inetpub\wwwroot\HomeGrubHub-Staging\recipe_app\db.py:264]
2025-08-20 09:26:00,181 INFO: HomeGrubHub production startup [in C:\inetpub\wwwroot\HomeGrubHub-Staging\wsgi.py:42]
2025-08-20 09:29:14,005 INFO: HomeGrubHub startup [in C:\inetpub\wwwroot\HomeGrubHub-Staging\recipe_app\db.py:264]
2025-08-20 09:29:14,008 INFO: HomeGrubHub production startup [in C:\inetpub\wwwroot\HomeGrubHub-Staging\wsgi.py:42]
2025-08-20 09:30:28,141 INFO: HomeGrubHub startup [in C:\inetpub\wwwroot\HomeGrubHub-Staging\recipe_app\db.py:264]
2025-08-20 09:30:28,141 INFO: HomeGrubHub production startup [in C:\inetpub\wwwroot\HomeGrubHub-Staging\wsgi.py:42]
2025-08-20 09:32:03,655 INFO: HomeGrubHub startup [in C:\inetpub\wwwroot\HomeGrubHub-Staging\recipe_app\db.py:264]
2025-08-20 09:32:03,656 INFO: HomeGrubHub production startup [in C:\inetpub\wwwroot\HomeGrubHub-Staging\wsgi.py:42]
2025-08-20 09:33:27,433 INFO: HomeGrubHub startup [in C:\inetpub\wwwroot\HomeGrubHub-Staging\recipe_app\db.py:264]
2025-08-20 09:33:27,435 INFO: HomeGrubHub production startup [in C:\inetpub\wwwroot\HomeGrubHub-Staging\wsgi.py:42]
2025-08-20 09:34:06,388 INFO: HomeGrubHub startup [in C:\inetpub\wwwroot\HomeGrubHub-Staging\recipe_app\db.py:264]
2025-08-20 09:34:06,388 INFO: HomeGrubHub production startup [in C:\inetpub\wwwroot\HomeGrubHub-Staging\wsgi.py:42]
2025-08-20 09:35:07,271 INFO: HomeGrubHub startup [in C:\inetpub\wwwroot\HomeGrubHub-Staging\recipe_app\db.py:264]
2025-08-20 09:35:07,273 INFO: HomeGrubHub production startup [in C:\inetpub\wwwroot\HomeGrubHub-Staging\wsgi.py:42]
2025-08-20 10:20:56,049 INFO: HomeGrubHub startup [in C:\inetpub\wwwroot\HomeGrubHub-Staging\recipe_app\db.py:264]
2025-08-20 10:20:56,051 INFO: HomeGrubHub production startup [in C:\inetpub\wwwroot\HomeGrubHub-Staging\wsgi.py:42]
2025-08-21 06:53:18,406 INFO: HomeGrubHub startup [in C:\inetpub\wwwroot\HomeGrubHub-Staging\recipe_app\db.py:264]
2025-08-21 06:53:18,409 INFO: HomeGrubHub production startup [in C:\inetpub\wwwroot\HomeGrubHub-Staging\wsgi.py:42]
2025-08-24 18:36:31,858 INFO: HomeGrubHub startup [in D:\Dev\HomeGrubHub-Staging\recipe_app\db.py:264]
2025-08-24 18:44:27,291 INFO: HomeGrubHub startup [in D:\Dev\HomeGrubHub-Staging\recipe_app\db.py:264]
2025-08-24 18:53:33,743 INFO: HomeGrubHub startup [in D:\Dev\HomeGrubHub-Staging\recipe_app\db.py:264]
2025-08-24 19:15:32,676 INFO: HomeGrubHub startup [in D:\Dev\HomeGrubHub-Staging\recipe_app\db.py:264]
2025-08-27 17:00:00,934 INFO: HomeGrubHub startup [in D:\Dev\HomeGrubHub-Staging\recipe_app\db.py:256]
2025-08-27 17:00:00,935 INFO: Database URI: sqlite:/recipes.db [in D:\Dev\HomeGrubHub-Staging\recipe_app\db.py:278]
2025-08-27 17:01:12,418 INFO: HomeGrubHub startup [in D:\Dev\HomeGrubHub-Staging\recipe_app\db.py:256]
2025-08-27 17:01:12,418 INFO: Database URI: sqlite:/recipes.db [in D:\Dev\HomeGrubHub-Staging\recipe_app\db.py:278]
2025-08-27 17:02:29,145 INFO: HomeGrubHub startup [in D:\Dev\HomeGrubHub-Staging\recipe_app\db.py:256]
2025-08-27 17:02:29,146 INFO: Database URI: sqlite:/recipes.db [in D:\Dev\HomeGrubHub-Staging\recipe_app\db.py:278]
2025-08-27 17:02:29,588 WARNING: Family models not available [in D:\Dev\HomeGrubHub-Staging\recipe_app\db.py:210]
2025-08-27 17:02:29,616 INFO: Database connection successful [in D:\Dev\HomeGrubHub-Staging\recipe_app\db.py:230]
2025-08-27 17:02:29,617 INFO: HomeGrubHub startup [in D:\Dev\HomeGrubHub-Staging\recipe_app\db.py:256]
2025-08-27 17:02:29,617 INFO: HomeGrubHub startup [in D:\Dev\HomeGrubHub-Staging\recipe_app\db.py:256]
2025-08-27 17:02:29,618 INFO: Database URI: sqlite:/recipes.db [in D:\Dev\HomeGrubHub-Staging\recipe_app\db.py:278]
2025-08-27 17:02:29,618 INFO: Database URI: sqlite:/recipes.db [in D:\Dev\HomeGrubHub-Staging\recipe_app\db.py:278]
2025-08-27 17:02:30,686 WARNING: Family models not available [in D:\Dev\HomeGrubHub-Staging\recipe_app\db.py:210]
2025-08-27 17:02:30,686 WARNING: Family models not available [in D:\Dev\HomeGrubHub-Staging\recipe_app\db.py:210]
2025-08-27 17:02:30,712 INFO: Database connection successful [in D:\Dev\HomeGrubHub-Staging\recipe_app\db.py:230]
2025-08-27 17:02:30,712 INFO: Database connection successful [in D:\Dev\HomeGrubHub-Staging\recipe_app\db.py:230]
2025-08-27 17:02:30,713 INFO: HomeGrubHub startup [in D:\Dev\HomeGrubHub-Staging\recipe_app\db.py:256]
2025-08-27 17:02:30,713 INFO: HomeGrubHub startup [in D:\Dev\HomeGrubHub-Staging\recipe_app\db.py:256]
2025-08-27 17:02:30,713 INFO: HomeGrubHub startup [in D:\Dev\HomeGrubHub-Staging\recipe_app\db.py:256]
2025-08-27 17:02:30,713 INFO: Database URI: sqlite:/recipes.db [in D:\Dev\HomeGrubHub-Staging\recipe_app\db.py:278]
2025-08-27 17:02:30,713 INFO: Database URI: sqlite:/recipes.db [in D:\Dev\HomeGrubHub-Staging\recipe_app\db.py:278]
2025-08-27 17:02:30,713 INFO: Database URI: sqlite:/recipes.db [in D:\Dev\HomeGrubHub-Staging\recipe_app\db.py:278]
2025-08-27 17:03:48,264 INFO: HomeGrubHub startup [in D:\Dev\HomeGrubHub-Staging\recipe_app\db.py:256]
2025-08-27 17:03:48,265 INFO: Database URI: sqlite:/recipes.db [in D:\Dev\HomeGrubHub-Staging\recipe_app\db.py:278]
